

Version:	3.50
CmdLine:	C:\Kerja\FirstAdventureGame\EXE\FirstAdventureGame.exe --l4j-debug
JNI:		No
WOW64:		Yes
Working dir:	C:\Kerja\FirstAdventureGame\EXE\.
Requires JDK:	Yes
Requires 64-Bit: Yes
Java min ver:	
Java max ver:	
Substitute:	JAVA_HOME = 
Substitute:	PATH = C:\Program Files\Common Files\Oracle\Java\javapath;C:\WINDOWS\system32;C:\WINDOWS;C:\WINDOWS\System32\Wbem;C:\WINDOWS\System32\WindowsPowerShell\v1.0\;C:\WINDOWS\System32\OpenSSH\;C:\Program Files\dotnet\;C:\Gradle\gradle-8.8\bin;C:\Users\hubak\AppData\Local\Microsoft\WindowsApps;C:\Users\hubak\AppData\Local\JetBrains\Toolbox\scripts;C:\Users\hubak\AppData\Local\Programs\Microsoft VS Code\bin;C:\Users\hubak\AppData\Local\GitHubDesktop\bin;C:\Users\hubak\.dotnet\tools;C:\Users\hubak\AppData\Local\Microsoft\WindowsApps;;C:\Program Files\Java\jdk-22\bin
JRE paths:	;C:\Program Files\Common Files\Oracle\Java\javapath;C:\WINDOWS\system32;C:\WINDOWS;C:\WINDOWS\System32\Wbem;C:\WINDOWS\System32\WindowsPowerShell\v1.0\;C:\WINDOWS\System32\OpenSSH\;C:\Program Files\dotnet\;C:\Gradle\gradle-8.8\bin;C:\Users\hubak\AppData\Local\Microsoft\WindowsApps;C:\Users\hubak\AppData\Local\JetBrains\Toolbox\scripts;C:\Users\hubak\AppData\Local\Programs\Microsoft VS Code\bin;C:\Users\hubak\AppData\Local\GitHubDesktop\bin;C:\Users\hubak\.dotnet\tools;C:\Users\hubak\AppData\Local\Microsoft\WindowsApps;;C:\Program Files\Java\jdk-22\bin
Check launcher:	C:\Program Files\Common Files\Oracle\Java\javapath\bin\javaw.exe (not found)
Check launcher:	C:\WINDOWS\system32\bin\javaw.exe (not found)
Check launcher:	C:\WINDOWS\bin\javaw.exe (not found)
Check launcher:	C:\WINDOWS\System32\Wbem\bin\javaw.exe (not found)
Check launcher:	C:\WINDOWS\System32\WindowsPowerShell\v1.0\bin\javaw.exe (not found)
Check launcher:	C:\WINDOWS\System32\OpenSSH\bin\javaw.exe (not found)
Check launcher:	C:\Program Files\dotnet\bin\javaw.exe (not found)
Check launcher:	C:\Gradle\gradle-8.8\bin\javaw.exe (not found)
Check launcher:	C:\Users\hubak\AppData\Local\Microsoft\WindowsApps\bin\javaw.exe (not found)
Check launcher:	C:\Users\hubak\AppData\Local\JetBrains\Toolbox\scripts\bin\javaw.exe (not found)
Check launcher:	C:\Users\hubak\AppData\Local\Programs\Microsoft VS Code\bin\javaw.exe (not found)
Check launcher:	C:\Users\hubak\AppData\Local\GitHubDesktop\bin\javaw.exe (not found)
Check launcher:	C:\Users\hubak\.dotnet\tools\bin\javaw.exe (not found)
Check launcher:	C:\Users\hubak\AppData\Local\Microsoft\WindowsApps\bin\javaw.exe (not found)
Check launcher:	C:\Program Files\Java\jdk-22\bin\javaw.exe (OK)
Check javac:	C:\Program Files\Java\jdk-22\bin\javac.exe (OK)
Version string: 1.022.000_001 / 64-Bit (OK)
Substitute:	C:\Program Files\Common Files\Oracle\Java\javapath = 
Launcher:	C:\Program Files\Java\jdk-22\bin\javaw.exe
Launcher args:	-Denv.c:\program.files\common.files\oracle\java\javapath="" -jar "C:\Kerja\FirstAdventureGame\EXE\FirstAdventureGame.exe"
Args length:	121/32768 chars
Exit code:	0


Version:	3.50
CmdLine:	C:\Kerja\FirstAdventureGame\EXE\FirstAdventureGame.exe --l4j-debug
JNI:		No
WOW64:		Yes
Working dir:	C:\Kerja\FirstAdventureGame\EXE\.
Requires JDK:	Yes
Requires 64-Bit: Yes
Java min ver:	
Java max ver:	
Substitute:	JAVA_HOME = 
Substitute:	PATH = C:\Program Files\Common Files\Oracle\Java\javapath;C:\WINDOWS\system32;C:\WINDOWS;C:\WINDOWS\System32\Wbem;C:\WINDOWS\System32\WindowsPowerShell\v1.0\;C:\WINDOWS\System32\OpenSSH\;C:\Program Files\dotnet\;C:\Gradle\gradle-8.8\bin;C:\Users\hubak\AppData\Local\Microsoft\WindowsApps;C:\Users\hubak\AppData\Local\JetBrains\Toolbox\scripts;C:\Users\hubak\AppData\Local\Programs\Microsoft VS Code\bin;C:\Users\hubak\AppData\Local\GitHubDesktop\bin;C:\Users\hubak\.dotnet\tools;C:\Users\hubak\AppData\Local\Microsoft\WindowsApps;;C:\Program Files\Java\jdk-22\bin
JRE paths:	;C:\Program Files\Common Files\Oracle\Java\javapath;C:\WINDOWS\system32;C:\WINDOWS;C:\WINDOWS\System32\Wbem;C:\WINDOWS\System32\WindowsPowerShell\v1.0\;C:\WINDOWS\System32\OpenSSH\;C:\Program Files\dotnet\;C:\Gradle\gradle-8.8\bin;C:\Users\hubak\AppData\Local\Microsoft\WindowsApps;C:\Users\hubak\AppData\Local\JetBrains\Toolbox\scripts;C:\Users\hubak\AppData\Local\Programs\Microsoft VS Code\bin;C:\Users\hubak\AppData\Local\GitHubDesktop\bin;C:\Users\hubak\.dotnet\tools;C:\Users\hubak\AppData\Local\Microsoft\WindowsApps;;C:\Program Files\Java\jdk-22\bin
Check launcher:	C:\Program Files\Common Files\Oracle\Java\javapath\bin\javaw.exe (not found)
Check launcher:	C:\WINDOWS\system32\bin\javaw.exe (not found)
Check launcher:	C:\WINDOWS\bin\javaw.exe (not found)
Check launcher:	C:\WINDOWS\System32\Wbem\bin\javaw.exe (not found)
Check launcher:	C:\WINDOWS\System32\WindowsPowerShell\v1.0\bin\javaw.exe (not found)
Check launcher:	C:\WINDOWS\System32\OpenSSH\bin\javaw.exe (not found)
Check launcher:	C:\Program Files\dotnet\bin\javaw.exe (not found)
Check launcher:	C:\Gradle\gradle-8.8\bin\javaw.exe (not found)
Check launcher:	C:\Users\hubak\AppData\Local\Microsoft\WindowsApps\bin\javaw.exe (not found)
Check launcher:	C:\Users\hubak\AppData\Local\JetBrains\Toolbox\scripts\bin\javaw.exe (not found)
Check launcher:	C:\Users\hubak\AppData\Local\Programs\Microsoft VS Code\bin\javaw.exe (not found)
Check launcher:	C:\Users\hubak\AppData\Local\GitHubDesktop\bin\javaw.exe (not found)
Check launcher:	C:\Users\hubak\.dotnet\tools\bin\javaw.exe (not found)
Check launcher:	C:\Users\hubak\AppData\Local\Microsoft\WindowsApps\bin\javaw.exe (not found)
Check launcher:	C:\Program Files\Java\jdk-22\bin\javaw.exe (OK)
Check javac:	C:\Program Files\Java\jdk-22\bin\javac.exe (OK)
Version string: 1.022.000_001 / 64-Bit (OK)
Substitute:	C:\Program Files\Common Files\Oracle\Java\javapath = 
Launcher:	C:\Program Files\Java\jdk-22\bin\javaw.exe
Launcher args:	-Denv.c:\program.files\common.files\oracle\java\javapath="" -jar "C:\Kerja\FirstAdventureGame\EXE\FirstAdventureGame.exe"
Args length:	121/32768 chars
Exit code:	0
